# JRE version: OpenJDK Runtime Environment Temurin-17.0.9+9 (17.0.9+9) (build 17.0.9+9)
# Java VM: OpenJDK 64-Bit Server VM Temurin-17.0.9+9 (17.0.9+9, mixed mode, sharing, tiered, compressed oops, compressed class ptrs, g1 gc, windows-amd64)
GC Precious Log:
 CPUs: 16 total, 16 available
 Memory: 5989M
 Large Page Support: Disabled
 NUMA Support: Disabled
 Compressed Oops: Enabled (Zero based)
 Heap Region Size: 2M
 Heap Min Capacity: 8M
 Heap Initial Capacity: 94M
 Heap Max Capacity: 4G
 Pre-touch: Disabled
 Parallel Workers: 13
 Concurrent Workers: 3
 Concurrent Refinement Workers: 13
 Periodic GC: Disabled
Heap:
 garbage-first heap   total 507904K, used 206482K [0x0000000700000000, 0x0000000800000000)
  region size 2048K, 5 young (10240K), 5 survivors (10240K)
 Metaspace       used 43503K, committed 43776K, reserved 1114112K
  class space    used 4777K, committed 4928K, reserved 1048576K
GC Heap History (20 events):
Event: 67.240 GC heap after
{Heap after GC invocations=27 (full 0):
 garbage-first heap   total 223232K, used 128606K [0x0000000700000000, 0x0000000800000000)
  region size 2048K, 1 young (2048K), 1 survivors (2048K)
 Metaspace       used 43023K, committed 43392K, reserved 1114112K
  class space    used 4762K, committed 4928K, reserved 1048576K
}
Event: 87.273 GC heap before
{Heap before GC invocations=27 (full 0):
 garbage-first heap   total 223232K, used 157278K [0x0000000700000000, 0x0000000800000000)
  region size 2048K, 15 young (30720K), 1 survivors (2048K)
 Metaspace       used 43182K, committed 43520K, reserved 1114112K
  class space    used 4774K, committed 4928K, reserved 1048576K
}
Event: 87.289 GC heap after
{Heap after GC invocations=28 (full 0):
 garbage-first heap   total 223232K, used 134672K [0x0000000700000000, 0x0000000800000000)
  region size 2048K, 2 young (4096K), 2 survivors (4096K)
 Metaspace       used 43182K, committed 43520K, reserved 1114112K
  class space    used 4774K, committed 4928K, reserved 1048576K
}
Event: 87.439 GC heap before
{Heap before GC invocations=29 (full 0):
 garbage-first heap   total 239616K, used 163344K [0x0000000700000000, 0x0000000800000000)
  region size 2048K, 16 young (32768K), 2 survivors (4096K)
 Metaspace       used 43185K, committed 43520K, reserved 1114112K
  class space    used 4774K, committed 4928K, reserved 1048576K
}
Event: 87.456 GC heap after
{Heap after GC invocations=30 (full 0):
 garbage-first heap   total 239616K, used 154196K [0x0000000700000000, 0x0000000800000000)
  region size 2048K, 2 young (4096K), 2 survivors (4096K)
 Metaspace       used 43185K, committed 43520K, reserved 1114112K
  class space    used 4774K, committed 4928K, reserved 1048576K
}
Event: 87.476 GC heap before
{Heap before GC invocations=30 (full 0):
 garbage-first heap   total 239616K, used 160340K [0x0000000700000000, 0x0000000800000000)
  region size 2048K, 5 young (10240K), 2 survivors (4096K)
 Metaspace       used 43185K, committed 43520K, reserved 1114112K
  class space    used 4774K, committed 4928K, reserved 1048576K
}
Event: 87.481 GC heap after
{Heap after GC invocations=31 (full 0):
 garbage-first heap   total 239616K, used 135854K [0x0000000700000000, 0x0000000800000000)
  region size 2048K, 1 young (2048K), 1 survivors (2048K)
 Metaspace       used 43185K, committed 43520K, reserved 1114112K
  class space    used 4774K, committed 4928K, reserved 1048576K
}
Event: 87.509 GC heap before
{Heap before GC invocations=31 (full 0):
 garbage-first heap   total 239616K, used 144046K [0x0000000700000000, 0x0000000800000000)
  region size 2048K, 5 young (10240K), 1 survivors (2048K)
 Metaspace       used 43185K, committed 43520K, reserved 1114112K
  class space    used 4774K, committed 4928K, reserved 1048576K
}
Event: 87.516 GC heap after
{Heap after GC invocations=32 (full 0):
 garbage-first heap   total 507904K, used 118089K [0x0000000700000000, 0x0000000800000000)
  region size 2048K, 1 young (2048K), 1 survivors (2048K)
 Metaspace       used 43185K, committed 43520K, reserved 1114112K
  class space    used 4774K, committed 4928K, reserved 1048576K
}
Event: 87.595 GC heap before
{Heap before GC invocations=32 (full 0):
 garbage-first heap   total 507904K, used 140617K [0x0000000700000000, 0x0000000800000000)
  region size 2048K, 12 young (24576K), 1 survivors (2048K)
 Metaspace       used 43185K, committed 43520K, reserved 1114112K
  class space    used 4774K, committed 4928K, reserved 1048576K
}
Event: 87.604 GC heap after
{Heap after GC invocations=33 (full 0):
 garbage-first heap   total 507904K, used 88796K [0x0000000700000000, 0x0000000800000000)
  region size 2048K, 2 young (4096K), 2 survivors (4096K)
 Metaspace       used 43185K, committed 43520K, reserved 1114112K
  class space    used 4774K, committed 4928K, reserved 1048576K
}
Event: 169.229 GC heap before
{Heap before GC invocations=33 (full 0):
 garbage-first heap   total 507904K, used 242396K [0x0000000700000000, 0x0000000800000000)
  region size 2048K, 77 young (157696K), 2 survivors (4096K)
 Metaspace       used 43457K, committed 43776K, reserved 1114112K
  class space    used 4776K, committed 4928K, reserved 1048576K
}
Event: 169.307 GC heap after
{Heap after GC invocations=34 (full 0):
 garbage-first heap   total 507904K, used 159942K [0x0000000700000000, 0x0000000800000000)
  region size 2048K, 10 young (20480K), 10 survivors (20480K)
 Metaspace       used 43457K, committed 43776K, reserved 1114112K
  class space    used 4776K, committed 4928K, reserved 1048576K
}
Event: 257.109 GC heap before
{Heap before GC invocations=35 (full 0):
 garbage-first heap   total 507904K, used 295110K [0x0000000700000000, 0x0000000800000000)
  region size 2048K, 76 young (155648K), 10 survivors (20480K)
 Metaspace       used 43466K, committed 43776K, reserved 1114112K
  class space    used 4776K, committed 4928K, reserved 1048576K
}
Event: 257.323 GC heap after
{Heap after GC invocations=36 (full 0):
 garbage-first heap   total 507904K, used 227287K [0x0000000700000000, 0x0000000800000000)
  region size 2048K, 10 young (20480K), 10 survivors (20480K)
 Metaspace       used 43466K, committed 43776K, reserved 1114112K
  class space    used 4776K, committed 4928K, reserved 1048576K
}
Event: 257.608 GC heap before
{Heap before GC invocations=36 (full 0):
 garbage-first heap   total 507904K, used 231383K [0x0000000700000000, 0x0000000800000000)
  region size 2048K, 12 young (24576K), 10 survivors (20480K)
 Metaspace       used 43476K, committed 43776K, reserved 1114112K
  class space    used 4776K, committed 4928K, reserved 1048576K
}
Event: 257.648 GC heap after
{Heap after GC invocations=37 (full 0):
 garbage-first heap   total 507904K, used 236404K [0x0000000700000000, 0x0000000800000000)
  region size 2048K, 2 young (4096K), 2 survivors (4096K)
 Metaspace       used 43476K, committed 43776K, reserved 1114112K
  class space    used 4776K, committed 4928K, reserved 1048576K
}
Event: 258.528 GC heap before
{Heap before GC invocations=37 (full 0):
 garbage-first heap   total 507904K, used 338804K [0x0000000700000000, 0x0000000800000000)
  region size 2048K, 52 young (106496K), 2 survivors (4096K)
 Metaspace       used 43476K, committed 43776K, reserved 1114112K
  class space    used 4776K, committed 4928K, reserved 1048576K
}
Event: 258.615 GC heap after
{Heap after GC invocations=38 (full 0):
 garbage-first heap   total 507904K, used 311296K [0x0000000700000000, 0x0000000800000000)
  region size 2048K, 7 young (14336K), 7 survivors (14336K)
 Metaspace       used 43476K, committed 43776K, reserved 1114112K
  class space    used 4776K, committed 4928K, reserved 1048576K
}
Event: 338.947 GC heap before
{Heap before GC invocations=39 (full 0):
 garbage-first heap   total 507904K, used 245760K [0x0000000700000000, 0x0000000800000000)
  region size 2048K, 36 young (73728K), 7 survivors (14336K)
 Metaspace       used 43503K, committed 43776K, reserved 1114112K
  class space    used 4777K, committed 4928K, reserved 1048576K
}

