# JRE version: OpenJDK Runtime Environment Temurin-17.0.9+9 (17.0.9+9) (build 17.0.9+9)
# Java VM: OpenJDK 64-Bit Server VM Temurin-17.0.9+9 (17.0.9+9, mixed mode, sharing, tiered, compressed oops, compressed class ptrs, g1 gc, windows-amd64)
GC Precious Log:
 CPUs: 16 total, 16 available
 Memory: 5989M
 Large Page Support: Disabled
 NUMA Support: Disabled
 Compressed Oops: Enabled (Zero based)
 Heap Region Size: 2M
 Heap Min Capacity: 8M
 Heap Initial Capacity: 94M
 Heap Max Capacity: 4G
 Pre-touch: Disabled
 Parallel Workers: 13
 Concurrent Workers: 3
 Concurrent Refinement Workers: 13
 Periodic GC: Disabled
Heap:
 garbage-first heap   total 413696K, used 227322K [0x0000000700000000, 0x0000000800000000)
  region size 2048K, 5 young (10240K), 5 survivors (10240K)
 Metaspace       used 43775K, committed 44032K, reserved 1114112K
  class space    used 4782K, committed 4928K, reserved 1048576K
GC Heap History (20 events):
Event: 807.721 GC heap after
{Heap after GC invocations=97 (full 0):
 garbage-first heap   total 413696K, used 162217K [0x0000000700000000, 0x0000000800000000)
  region size 2048K, 2 young (4096K), 2 survivors (4096K)
 Metaspace       used 43760K, committed 44032K, reserved 1114112K
  class space    used 4782K, committed 4928K, reserved 1048576K
}
Event: 807.736 GC heap before
{Heap before GC invocations=97 (full 0):
 garbage-first heap   total 413696K, used 178601K [0x0000000700000000, 0x0000000800000000)
  region size 2048K, 10 young (20480K), 2 survivors (4096K)
 Metaspace       used 43760K, committed 44032K, reserved 1114112K
  class space    used 4782K, committed 4928K, reserved 1048576K
}
Event: 807.750 GC heap after
{Heap after GC invocations=98 (full 0):
 garbage-first heap   total 413696K, used 160736K [0x0000000700000000, 0x0000000800000000)
  region size 2048K, 2 young (4096K), 2 survivors (4096K)
 Metaspace       used 43760K, committed 44032K, reserved 1114112K
  class space    used 4782K, committed 4928K, reserved 1048576K
}
Event: 807.815 GC heap before
{Heap before GC invocations=98 (full 0):
 garbage-first heap   total 413696K, used 240608K [0x0000000700000000, 0x0000000800000000)
  region size 2048K, 41 young (83968K), 2 survivors (4096K)
 Metaspace       used 43760K, committed 44032K, reserved 1114112K
  class space    used 4782K, committed 4928K, reserved 1048576K
}
Event: 807.845 GC heap after
{Heap after GC invocations=99 (full 0):
 garbage-first heap   total 413696K, used 222586K [0x0000000700000000, 0x0000000800000000)
  region size 2048K, 6 young (12288K), 6 survivors (12288K)
 Metaspace       used 43760K, committed 44032K, reserved 1114112K
  class space    used 4782K, committed 4928K, reserved 1048576K
}
Event: 857.922 GC heap before
{Heap before GC invocations=100 (full 0):
 garbage-first heap   total 413696K, used 204154K [0x0000000700000000, 0x0000000800000000)
  region size 2048K, 33 young (67584K), 6 survivors (12288K)
 Metaspace       used 43761K, committed 44032K, reserved 1114112K
  class space    used 4782K, committed 4928K, reserved 1048576K
}
Event: 857.940 GC heap after
{Heap after GC invocations=101 (full 0):
 garbage-first heap   total 413696K, used 169845K [0x0000000700000000, 0x0000000800000000)
  region size 2048K, 5 young (10240K), 5 survivors (10240K)
 Metaspace       used 43761K, committed 44032K, reserved 1114112K
  class space    used 4782K, committed 4928K, reserved 1048576K
}
Event: 858.135 GC heap before
{Heap before GC invocations=101 (full 0):
 garbage-first heap   total 413696K, used 180085K [0x0000000700000000, 0x0000000800000000)
  region size 2048K, 10 young (20480K), 5 survivors (10240K)
 Metaspace       used 43761K, committed 44032K, reserved 1114112K
  class space    used 4782K, committed 4928K, reserved 1048576K
}
Event: 858.163 GC heap after
{Heap after GC invocations=102 (full 0):
 garbage-first heap   total 413696K, used 141845K [0x0000000700000000, 0x0000000800000000)
  region size 2048K, 2 young (4096K), 2 survivors (4096K)
 Metaspace       used 43761K, committed 44032K, reserved 1114112K
  class space    used 4782K, committed 4928K, reserved 1048576K
}
Event: 858.239 GC heap before
{Heap before GC invocations=102 (full 0):
 garbage-first heap   total 413696K, used 229909K [0x0000000700000000, 0x0000000800000000)
  region size 2048K, 45 young (92160K), 2 survivors (4096K)
 Metaspace       used 43765K, committed 44032K, reserved 1114112K
  class space    used 4782K, committed 4928K, reserved 1048576K
}
Event: 858.274 GC heap after
{Heap after GC invocations=103 (full 0):
 garbage-first heap   total 413696K, used 207273K [0x0000000700000000, 0x0000000800000000)
  region size 2048K, 6 young (12288K), 6 survivors (12288K)
 Metaspace       used 43765K, committed 44032K, reserved 1114112K
  class space    used 4782K, committed 4928K, reserved 1048576K
}
Event: 896.238 GC heap before
{Heap before GC invocations=104 (full 0):
 garbage-first heap   total 413696K, used 268713K [0x0000000700000000, 0x0000000800000000)
  region size 2048K, 36 young (73728K), 6 survivors (12288K)
 Metaspace       used 43765K, committed 44032K, reserved 1114112K
  class space    used 4782K, committed 4928K, reserved 1048576K
}
Event: 896.280 GC heap after
{Heap after GC invocations=105 (full 0):
 garbage-first heap   total 413696K, used 236872K [0x0000000700000000, 0x0000000800000000)
  region size 2048K, 5 young (10240K), 5 survivors (10240K)
 Metaspace       used 43765K, committed 44032K, reserved 1114112K
  class space    used 4782K, committed 4928K, reserved 1048576K
}
Event: 910.389 GC heap before
{Heap before GC invocations=105 (full 0):
 garbage-first heap   total 413696K, used 247112K [0x0000000700000000, 0x0000000800000000)
  region size 2048K, 10 young (20480K), 5 survivors (10240K)
 Metaspace       used 43765K, committed 44032K, reserved 1114112K
  class space    used 4782K, committed 4928K, reserved 1048576K
}
Event: 910.406 GC heap after
{Heap after GC invocations=106 (full 0):
 garbage-first heap   total 413696K, used 200410K [0x0000000700000000, 0x0000000800000000)
  region size 2048K, 1 young (2048K), 1 survivors (2048K)
 Metaspace       used 43765K, committed 44032K, reserved 1114112K
  class space    used 4782K, committed 4928K, reserved 1048576K
}
Event: 910.445 GC heap before
{Heap before GC invocations=106 (full 0):
 garbage-first heap   total 413696K, used 218842K [0x0000000700000000, 0x0000000800000000)
  region size 2048K, 10 young (20480K), 1 survivors (2048K)
 Metaspace       used 43775K, committed 44032K, reserved 1114112K
  class space    used 4782K, committed 4928K, reserved 1048576K
}
Event: 910.463 GC heap after
{Heap after GC invocations=107 (full 0):
 garbage-first heap   total 413696K, used 166625K [0x0000000700000000, 0x0000000800000000)
  region size 2048K, 2 young (4096K), 2 survivors (4096K)
 Metaspace       used 43775K, committed 44032K, reserved 1114112K
  class space    used 4782K, committed 4928K, reserved 1048576K
}
Event: 910.477 GC heap before
{Heap before GC invocations=107 (full 0):
 garbage-first heap   total 413696K, used 183009K [0x0000000700000000, 0x0000000800000000)
  region size 2048K, 10 young (20480K), 2 survivors (4096K)
 Metaspace       used 43775K, committed 44032K, reserved 1114112K
  class space    used 4782K, committed 4928K, reserved 1048576K
}
Event: 910.491 GC heap after
{Heap after GC invocations=108 (full 0):
 garbage-first heap   total 413696K, used 167221K [0x0000000700000000, 0x0000000800000000)
  region size 2048K, 2 young (4096K), 2 survivors (4096K)
 Metaspace       used 43775K, committed 44032K, reserved 1114112K
  class space    used 4782K, committed 4928K, reserved 1048576K
}
Event: 910.545 GC heap before
{Heap before GC invocations=108 (full 0):
 garbage-first heap   total 413696K, used 245045K [0x0000000700000000, 0x0000000800000000)
  region size 2048K, 40 young (81920K), 2 survivors (4096K)
 Metaspace       used 43775K, committed 44032K, reserved 1114112K
  class space    used 4782K, committed 4928K, reserved 1048576K
}

