# JRE version: OpenJDK Runtime Environment Temurin-17.0.9+9 (17.0.9+9) (build 17.0.9+9)
# Java VM: OpenJDK 64-Bit Server VM Temurin-17.0.9+9 (17.0.9+9, mixed mode, sharing, tiered, compressed oops, compressed class ptrs, g1 gc, windows-amd64)
GC Precious Log:
 CPUs: 16 total, 16 available
 Memory: 5989M
 Large Page Support: Disabled
 NUMA Support: Disabled
 Compressed Oops: Enabled (Zero based)
 Heap Region Size: 2M
 Heap Min Capacity: 8M
 Heap Initial Capacity: 94M
 Heap Max Capacity: 4G
 Pre-touch: Disabled
 Parallel Workers: 13
 Concurrent Workers: 3
 Concurrent Refinement Workers: 13
 Periodic GC: Disabled
Heap:
 garbage-first heap   total 563200K, used 167757K [0x0000000700000000, 0x0000000800000000)
  region size 2048K, 1 young (2048K), 1 survivors (2048K)
 Metaspace       used 43492K, committed 43776K, reserved 1114112K
  class space    used 4777K, committed 4928K, reserved 1048576K
GC Heap History (20 events):
Event: 94.720 GC heap after
{Heap after GC invocations=36 (full 0):
 garbage-first heap   total 573440K, used 173909K [0x0000000700000000, 0x0000000800000000)
  region size 2048K, 1 young (2048K), 1 survivors (2048K)
 Metaspace       used 43454K, committed 43776K, reserved 1114112K
  class space    used 4775K, committed 4928K, reserved 1048576K
}
Event: 172.511 GC heap before
{Heap before GC invocations=37 (full 0):
 garbage-first heap   total 348160K, used 247637K [0x0000000700000000, 0x0000000800000000)
  region size 2048K, 73 young (149504K), 1 survivors (2048K)
 Metaspace       used 43473K, committed 43776K, reserved 1114112K
  class space    used 4777K, committed 4928K, reserved 1048576K
}
Event: 172.629 GC heap after
{Heap after GC invocations=38 (full 0):
 garbage-first heap   total 348160K, used 173700K [0x0000000700000000, 0x0000000800000000)
  region size 2048K, 10 young (20480K), 10 survivors (20480K)
 Metaspace       used 43473K, committed 43776K, reserved 1114112K
  class space    used 4777K, committed 4928K, reserved 1048576K
}
Event: 172.635 GC heap before
{Heap before GC invocations=38 (full 0):
 garbage-first heap   total 348160K, used 175748K [0x0000000700000000, 0x0000000800000000)
  region size 2048K, 11 young (22528K), 10 survivors (20480K)
 Metaspace       used 43473K, committed 43776K, reserved 1114112K
  class space    used 4777K, committed 4928K, reserved 1048576K
}
Event: 172.676 GC heap after
{Heap after GC invocations=39 (full 0):
 garbage-first heap   total 348160K, used 165523K [0x0000000700000000, 0x0000000800000000)
  region size 2048K, 2 young (4096K), 2 survivors (4096K)
 Metaspace       used 43473K, committed 43776K, reserved 1114112K
  class space    used 4777K, committed 4928K, reserved 1048576K
}
Event: 172.809 GC heap before
{Heap before GC invocations=39 (full 0):
 garbage-first heap   total 348160K, used 241299K [0x0000000700000000, 0x0000000800000000)
  region size 2048K, 39 young (79872K), 2 survivors (4096K)
 Metaspace       used 43473K, committed 43776K, reserved 1114112K
  class space    used 4777K, committed 4928K, reserved 1048576K
}
Event: 172.854 GC heap after
{Heap after GC invocations=40 (full 0):
 garbage-first heap   total 348160K, used 221013K [0x0000000700000000, 0x0000000800000000)
  region size 2048K, 5 young (10240K), 5 survivors (10240K)
 Metaspace       used 43473K, committed 43776K, reserved 1114112K
  class space    used 4777K, committed 4928K, reserved 1048576K
}
Event: 194.346 GC heap before
{Heap before GC invocations=41 (full 0):
 garbage-first heap   total 348160K, used 190398K [0x0000000700000000, 0x0000000800000000)
  region size 2048K, 21 young (43008K), 5 survivors (10240K)
 Metaspace       used 43475K, committed 43776K, reserved 1114112K
  class space    used 4777K, committed 4928K, reserved 1048576K
}
Event: 194.358 GC heap after
{Heap after GC invocations=42 (full 0):
 garbage-first heap   total 348160K, used 174655K [0x0000000700000000, 0x0000000800000000)
  region size 2048K, 3 young (6144K), 3 survivors (6144K)
 Metaspace       used 43475K, committed 43776K, reserved 1114112K
  class space    used 4777K, committed 4928K, reserved 1048576K
}
Event: 216.034 GC heap before
{Heap before GC invocations=42 (full 0):
 garbage-first heap   total 348160K, used 184895K [0x0000000700000000, 0x0000000800000000)
  region size 2048K, 8 young (16384K), 3 survivors (6144K)
 Metaspace       used 43475K, committed 43776K, reserved 1114112K
  class space    used 4777K, committed 4928K, reserved 1048576K
}
Event: 216.043 GC heap after
{Heap after GC invocations=43 (full 0):
 garbage-first heap   total 348160K, used 143603K [0x0000000700000000, 0x0000000800000000)
  region size 2048K, 1 young (2048K), 1 survivors (2048K)
 Metaspace       used 43475K, committed 43776K, reserved 1114112K
  class space    used 4777K, committed 4928K, reserved 1048576K
}
Event: 237.112 GC heap before
{Heap before GC invocations=43 (full 0):
 garbage-first heap   total 348160K, used 157939K [0x0000000700000000, 0x0000000800000000)
  region size 2048K, 8 young (16384K), 1 survivors (2048K)
 Metaspace       used 43477K, committed 43776K, reserved 1114112K
  class space    used 4777K, committed 4928K, reserved 1048576K
}
Event: 237.119 GC heap after
{Heap after GC invocations=44 (full 0):
 garbage-first heap   total 348160K, used 141234K [0x0000000700000000, 0x0000000800000000)
  region size 2048K, 1 young (2048K), 1 survivors (2048K)
 Metaspace       used 43477K, committed 43776K, reserved 1114112K
  class space    used 4777K, committed 4928K, reserved 1048576K
}
Event: 237.217 GC heap before
{Heap before GC invocations=44 (full 0):
 garbage-first heap   total 348160K, used 212914K [0x0000000700000000, 0x0000000800000000)
  region size 2048K, 36 young (73728K), 1 survivors (2048K)
 Metaspace       used 43490K, committed 43776K, reserved 1114112K
  class space    used 4777K, committed 4928K, reserved 1048576K
}
Event: 237.254 GC heap after
{Heap after GC invocations=45 (full 0):
 garbage-first heap   total 348160K, used 189578K [0x0000000700000000, 0x0000000800000000)
  region size 2048K, 5 young (10240K), 5 survivors (10240K)
 Metaspace       used 43490K, committed 43776K, reserved 1114112K
  class space    used 4777K, committed 4928K, reserved 1048576K
}
Event: 237.323 GC heap before
{Heap before GC invocations=46 (full 0):
 garbage-first heap   total 356352K, used 236682K [0x0000000700000000, 0x0000000800000000)
  region size 2048K, 28 young (57344K), 5 survivors (10240K)
 Metaspace       used 43492K, committed 43776K, reserved 1114112K
  class space    used 4777K, committed 4928K, reserved 1048576K
}
Event: 237.349 GC heap after
{Heap after GC invocations=47 (full 0):
 garbage-first heap   total 356352K, used 226123K [0x0000000700000000, 0x0000000800000000)
  region size 2048K, 4 young (8192K), 4 survivors (8192K)
 Metaspace       used 43492K, committed 43776K, reserved 1114112K
  class space    used 4777K, committed 4928K, reserved 1048576K
}
Event: 237.355 GC heap before
{Heap before GC invocations=47 (full 0):
 garbage-first heap   total 356352K, used 234315K [0x0000000700000000, 0x0000000800000000)
  region size 2048K, 8 young (16384K), 4 survivors (8192K)
 Metaspace       used 43492K, committed 43776K, reserved 1114112K
  class space    used 4777K, committed 4928K, reserved 1048576K
}
Event: 237.363 GC heap after
{Heap after GC invocations=48 (full 0):
 garbage-first heap   total 356352K, used 199118K [0x0000000700000000, 0x0000000800000000)
  region size 2048K, 1 young (2048K), 1 survivors (2048K)
 Metaspace       used 43492K, committed 43776K, reserved 1114112K
  class space    used 4777K, committed 4928K, reserved 1048576K
}
Event: 241.601 GC heap before
{Heap before GC invocations=48 (full 0):
 garbage-first heap   total 356352K, used 213454K [0x0000000700000000, 0x0000000800000000)
  region size 2048K, 8 young (16384K), 1 survivors (2048K)
 Metaspace       used 43492K, committed 43776K, reserved 1114112K
  class space    used 4777K, committed 4928K, reserved 1048576K
}

