# JRE version: OpenJDK Runtime Environment Temurin-17.0.9+9 (17.0.9+9) (build 17.0.9+9)
# Java VM: OpenJDK 64-Bit Server VM Temurin-17.0.9+9 (17.0.9+9, mixed mode, sharing, tiered, compressed oops, compressed class ptrs, g1 gc, windows-amd64)
GC Precious Log:
 CPUs: 16 total, 16 available
 Memory: 5989M
 Large Page Support: Disabled
 NUMA Support: Disabled
 Compressed Oops: Enabled (Zero based)
 Heap Region Size: 2M
 Heap Min Capacity: 8M
 Heap Initial Capacity: 94M
 Heap Max Capacity: 4G
 Pre-touch: Disabled
 Parallel Workers: 13
 Concurrent Workers: 3
 Concurrent Refinement Workers: 13
 Periodic GC: Disabled
Heap:
 garbage-first heap   total 645120K, used 427286K [0x0000000700000000, 0x0000000800000000)
  region size 2048K, 6 young (12288K), 6 survivors (12288K)
 Metaspace       used 43540K, committed 43840K, reserved 1114112K
  class space    used 4780K, committed 4928K, reserved 1048576K
GC Heap History (20 events):
Event: 88.565 GC heap after
{Heap after GC invocations=34 (full 0):
 garbage-first heap   total 262144K, used 192223K [0x0000000700000000, 0x0000000800000000)
  region size 2048K, 2 young (4096K), 2 survivors (4096K)
 Metaspace       used 43278K, committed 43584K, reserved 1114112K
  class space    used 4775K, committed 4928K, reserved 1048576K
}
Event: 88.590 GC heap before
{Heap before GC invocations=34 (full 0):
 garbage-first heap   total 262144K, used 204511K [0x0000000700000000, 0x0000000800000000)
  region size 2048K, 8 young (16384K), 2 survivors (4096K)
 Metaspace       used 43278K, committed 43584K, reserved 1114112K
  class space    used 4775K, committed 4928K, reserved 1048576K
}
Event: 88.611 GC heap after
{Heap after GC invocations=35 (full 0):
 garbage-first heap   total 645120K, used 203180K [0x0000000700000000, 0x0000000800000000)
  region size 2048K, 1 young (2048K), 1 survivors (2048K)
 Metaspace       used 43278K, committed 43584K, reserved 1114112K
  class space    used 4775K, committed 4928K, reserved 1048576K
}
Event: 162.731 GC heap before
{Heap before GC invocations=36 (full 0):
 garbage-first heap   total 645120K, used 356780K [0x0000000700000000, 0x0000000800000000)
  region size 2048K, 76 young (155648K), 1 survivors (2048K)
 Metaspace       used 43456K, committed 43840K, reserved 1114112K
  class space    used 4776K, committed 4928K, reserved 1048576K
}
Event: 162.820 GC heap after
{Heap after GC invocations=37 (full 0):
 garbage-first heap   total 645120K, used 277908K [0x0000000700000000, 0x0000000800000000)
  region size 2048K, 10 young (20480K), 10 survivors (20480K)
 Metaspace       used 43456K, committed 43840K, reserved 1114112K
  class space    used 4776K, committed 4928K, reserved 1048576K
}
Event: 162.836 GC heap before
{Heap before GC invocations=37 (full 0):
 garbage-first heap   total 645120K, used 288148K [0x0000000700000000, 0x0000000800000000)
  region size 2048K, 15 young (30720K), 10 survivors (20480K)
 Metaspace       used 43456K, committed 43840K, reserved 1114112K
  class space    used 4776K, committed 4928K, reserved 1048576K
}
Event: 162.878 GC heap after
{Heap after GC invocations=38 (full 0):
 garbage-first heap   total 645120K, used 225619K [0x0000000700000000, 0x0000000800000000)
  region size 2048K, 2 young (4096K), 2 survivors (4096K)
 Metaspace       used 43456K, committed 43840K, reserved 1114112K
  class space    used 4776K, committed 4928K, reserved 1048576K
}
Event: 162.907 GC heap before
{Heap before GC invocations=38 (full 0):
 garbage-first heap   total 645120K, used 252243K [0x0000000700000000, 0x0000000800000000)
  region size 2048K, 15 young (30720K), 2 survivors (4096K)
 Metaspace       used 43456K, committed 43840K, reserved 1114112K
  class space    used 4776K, committed 4928K, reserved 1048576K
}
Event: 162.924 GC heap after
{Heap after GC invocations=39 (full 0):
 garbage-first heap   total 645120K, used 240639K [0x0000000700000000, 0x0000000800000000)
  region size 2048K, 2 young (4096K), 2 survivors (4096K)
 Metaspace       used 43456K, committed 43840K, reserved 1114112K
  class space    used 4776K, committed 4928K, reserved 1048576K
}
Event: 238.098 GC heap before
{Heap before GC invocations=39 (full 0):
 garbage-first heap   total 645120K, used 394239K [0x0000000700000000, 0x0000000800000000)
  region size 2048K, 77 young (157696K), 2 survivors (4096K)
 Metaspace       used 43475K, committed 43840K, reserved 1114112K
  class space    used 4776K, committed 4928K, reserved 1048576K
}
Event: 238.161 GC heap after
{Heap after GC invocations=40 (full 0):
 garbage-first heap   total 645120K, used 318463K [0x0000000700000000, 0x0000000800000000)
  region size 2048K, 10 young (20480K), 10 survivors (20480K)
 Metaspace       used 43475K, committed 43840K, reserved 1114112K
  class space    used 4776K, committed 4928K, reserved 1048576K
}
Event: 316.983 GC heap before
{Heap before GC invocations=40 (full 0):
 garbage-first heap   total 645120K, used 443391K [0x0000000700000000, 0x0000000800000000)
  region size 2048K, 71 young (145408K), 10 survivors (20480K)
 Metaspace       used 43506K, committed 43840K, reserved 1114112K
  class space    used 4777K, committed 4928K, reserved 1048576K
}
Event: 317.103 GC heap after
{Heap after GC invocations=41 (full 0):
 garbage-first heap   total 645120K, used 375299K [0x0000000700000000, 0x0000000800000000)
  region size 2048K, 9 young (18432K), 9 survivors (18432K)
 Metaspace       used 43506K, committed 43840K, reserved 1114112K
  class space    used 4777K, committed 4928K, reserved 1048576K
}
Event: 317.240 GC heap before
{Heap before GC invocations=41 (full 0):
 garbage-first heap   total 645120K, used 461315K [0x0000000700000000, 0x0000000800000000)
  region size 2048K, 51 young (104448K), 9 survivors (18432K)
 Metaspace       used 43506K, committed 43840K, reserved 1114112K
  class space    used 4777K, committed 4928K, reserved 1048576K
}
Event: 317.283 GC heap after
{Heap after GC invocations=42 (full 0):
 garbage-first heap   total 645120K, used 445029K [0x0000000700000000, 0x0000000800000000)
  region size 2048K, 7 young (14336K), 7 survivors (14336K)
 Metaspace       used 43506K, committed 43840K, reserved 1114112K
  class space    used 4777K, committed 4928K, reserved 1048576K
}
Event: 383.363 GC heap before
{Heap before GC invocations=43 (full 0):
 garbage-first heap   total 645120K, used 426597K [0x0000000700000000, 0x0000000800000000)
  region size 2048K, 31 young (63488K), 7 survivors (14336K)
 Metaspace       used 43520K, committed 43840K, reserved 1114112K
  class space    used 4779K, committed 4928K, reserved 1048576K
}
Event: 383.393 GC heap after
{Heap after GC invocations=44 (full 0):
 garbage-first heap   total 645120K, used 394192K [0x0000000700000000, 0x0000000800000000)
  region size 2048K, 4 young (8192K), 4 survivors (8192K)
 Metaspace       used 43520K, committed 43840K, reserved 1114112K
  class space    used 4779K, committed 4928K, reserved 1048576K
}
Event: 383.479 GC heap before
{Heap before GC invocations=44 (full 0):
 garbage-first heap   total 645120K, used 416720K [0x0000000700000000, 0x0000000800000000)
  region size 2048K, 15 young (30720K), 4 survivors (8192K)
 Metaspace       used 43540K, committed 43840K, reserved 1114112K
  class space    used 4780K, committed 4928K, reserved 1048576K
}
Event: 383.507 GC heap after
{Heap after GC invocations=45 (full 0):
 garbage-first heap   total 645120K, used 361085K [0x0000000700000000, 0x0000000800000000)
  region size 2048K, 2 young (4096K), 2 survivors (4096K)
 Metaspace       used 43540K, committed 43840K, reserved 1114112K
  class space    used 4780K, committed 4928K, reserved 1048576K
}
Event: 383.576 GC heap before
{Heap before GC invocations=45 (full 0):
 garbage-first heap   total 645120K, used 447101K [0x0000000700000000, 0x0000000800000000)
  region size 2048K, 44 young (90112K), 2 survivors (4096K)
 Metaspace       used 43540K, committed 43840K, reserved 1114112K
  class space    used 4780K, committed 4928K, reserved 1048576K
}

